<?xml version="1.0" encoding="UTF-8"?>
<testng-results ignored="0" total="4" passed="4" failed="0" skipped="0">
  <reporter-output>
  </reporter-output>
  <suite started-at="2021-12-13T01:07:21 IST" name="Suite" finished-at="2021-12-13T01:08:56 IST" duration-ms="94539">
    <groups>
    </groups>
    <test started-at="2021-12-13T01:07:21 IST" name="Test" finished-at="2021-12-13T01:08:56 IST" duration-ms="94539">
      <class name="com.apptad.test.SignInUserTest">
        <test-method is-config="true" signature="beforeTest()[pri:0, instance:com.apptad.test.SignInUserTest@550ee7e5]" started-at="2021-12-13T01:07:21 IST" name="beforeTest" finished-at="2021-12-13T01:07:32 IST" duration-ms="11385" status="PASS">
          <reporter-output>
          </reporter-output>
        </test-method> <!-- beforeTest -->
        <test-method signature="newUserEmail_Test_02()[pri:0, instance:com.apptad.test.SignInUserTest@550ee7e5]" started-at="2021-12-13T01:07:32 IST" name="newUserEmail_Test_02" finished-at="2021-12-13T01:07:38 IST" duration-ms="5345" status="PASS">
          <reporter-output>
          </reporter-output>
        </test-method> <!-- newUserEmail_Test_02 -->
        <test-method is-config="true" signature="afterTest()[pri:0, instance:com.apptad.test.SignInUserTest@550ee7e5]" started-at="2021-12-13T01:07:38 IST" name="afterTest" finished-at="2021-12-13T01:07:40 IST" duration-ms="2167" status="PASS">
          <reporter-output>
          </reporter-output>
        </test-method> <!-- afterTest -->
        <test-method is-config="true" signature="beforeTest()[pri:0, instance:com.apptad.test.SignInUserTest@550ee7e5]" started-at="2021-12-13T01:07:40 IST" name="beforeTest" finished-at="2021-12-13T01:07:50 IST" duration-ms="10363" status="PASS">
          <reporter-output>
          </reporter-output>
        </test-method> <!-- beforeTest -->
        <test-method signature="signinUser_Test_01()[pri:0, instance:com.apptad.test.SignInUserTest@550ee7e5]" started-at="2021-12-13T01:07:50 IST" name="signinUser_Test_01" finished-at="2021-12-13T01:08:05 IST" duration-ms="14591" status="PASS">
          <reporter-output>
          </reporter-output>
        </test-method> <!-- signinUser_Test_01 -->
        <test-method is-config="true" signature="afterTest()[pri:0, instance:com.apptad.test.SignInUserTest@550ee7e5]" started-at="2021-12-13T01:08:05 IST" name="afterTest" finished-at="2021-12-13T01:08:07 IST" duration-ms="2483" status="PASS">
          <reporter-output>
          </reporter-output>
        </test-method> <!-- afterTest -->
        <test-method is-config="true" signature="beforeTest()[pri:0, instance:com.apptad.test.SignInUserTest@550ee7e5]" started-at="2021-12-13T01:08:07 IST" name="beforeTest" finished-at="2021-12-13T01:08:19 IST" duration-ms="11371" status="PASS">
          <reporter-output>
          </reporter-output>
        </test-method> <!-- beforeTest -->
        <test-method signature="validateFormat_Test_04()[pri:0, instance:com.apptad.test.SignInUserTest@550ee7e5]" started-at="2021-12-13T01:08:19 IST" name="validateFormat_Test_04" finished-at="2021-12-13T01:08:29 IST" duration-ms="10648" status="PASS">
          <reporter-output>
          </reporter-output>
        </test-method> <!-- validateFormat_Test_04 -->
        <test-method is-config="true" signature="afterTest()[pri:0, instance:com.apptad.test.SignInUserTest@550ee7e5]" started-at="2021-12-13T01:08:29 IST" name="afterTest" finished-at="2021-12-13T01:08:32 IST" duration-ms="2192" status="PASS">
          <reporter-output>
          </reporter-output>
        </test-method> <!-- afterTest -->
        <test-method is-config="true" signature="beforeTest()[pri:0, instance:com.apptad.test.SignInUserTest@550ee7e5]" started-at="2021-12-13T01:08:32 IST" name="beforeTest" finished-at="2021-12-13T01:08:42 IST" duration-ms="10369" status="PASS">
          <reporter-output>
          </reporter-output>
        </test-method> <!-- beforeTest -->
        <test-method signature="validateManFields_Test_03()[pri:0, instance:com.apptad.test.SignInUserTest@550ee7e5]" started-at="2021-12-13T01:08:42 IST" name="validateManFields_Test_03" finished-at="2021-12-13T01:08:53 IST" duration-ms="11419" status="PASS">
          <reporter-output>
          </reporter-output>
        </test-method> <!-- validateManFields_Test_03 -->
        <test-method is-config="true" signature="afterTest()[pri:0, instance:com.apptad.test.SignInUserTest@550ee7e5]" started-at="2021-12-13T01:08:53 IST" name="afterTest" finished-at="2021-12-13T01:08:56 IST" duration-ms="2141" status="PASS">
          <reporter-output>
          </reporter-output>
        </test-method> <!-- afterTest -->
      </class> <!-- com.apptad.test.SignInUserTest -->
    </test> <!-- Test -->
  </suite> <!-- Suite -->
</testng-results>
