<?xml version="1.0" encoding="UTF-8"?>
<testng-results ignored="0" total="1" passed="1" failed="0" skipped="0">
  <reporter-output>
  </reporter-output>
  <suite started-at="2021-12-13T16:25:09 IST" name="Default suite" finished-at="2021-12-13T16:25:33 IST" duration-ms="23202">
    <groups>
    </groups>
    <test started-at="2021-12-13T16:25:09 IST" name="Default test" finished-at="2021-12-13T16:25:33 IST" duration-ms="23202">
      <class name="com.apptad.test.EcommerceTest">
        <test-method is-config="true" signature="beforeMethod()[pri:0, instance:com.apptad.test.EcommerceTest@67080771]" started-at="2021-12-13T16:25:09 IST" name="beforeMethod" finished-at="2021-12-13T16:25:23 IST" duration-ms="13326" status="PASS">
          <reporter-output>
          </reporter-output>
        </test-method> <!-- beforeMethod -->
        <test-method signature="User_Scenario_2()[pri:0, instance:com.apptad.test.EcommerceTest@67080771]" started-at="2021-12-13T16:25:23 IST" name="User_Scenario_2" finished-at="2021-12-13T16:25:29 IST" duration-ms="6583" status="PASS">
          <reporter-output>
          </reporter-output>
        </test-method> <!-- User_Scenario_2 -->
        <test-method is-config="true" signature="afterMethod()[pri:0, instance:com.apptad.test.EcommerceTest@67080771]" started-at="2021-12-13T16:25:29 IST" name="afterMethod" finished-at="2021-12-13T16:25:33 IST" duration-ms="3245" status="PASS">
          <reporter-output>
          </reporter-output>
        </test-method> <!-- afterMethod -->
      </class> <!-- com.apptad.test.EcommerceTest -->
    </test> <!-- Default test -->
  </suite> <!-- Default suite -->
</testng-results>
