<?xml version="1.0" encoding="UTF-8"?>
<!-- Generated by org.testng.reporters.JUnitXMLReporter -->
<testsuite ignored="0" hostname="DESKTOP-1M4NATU" failures="0" tests="3" name="Default test" time="64.018" errors="0" timestamp="2021-12-08T01:18:40 IST">
  <testcase classname="apptad.test.AmazonTest" name="AM_01" time="12.328"/>
  <testcase classname="apptad.test.AmazonTest" name="AM_02" time="3.82"/>
  <testcase classname="apptad.test.AmazonTest" name="AM_03" time="6.818"/>
</testsuite> <!-- Default test -->
