<?xml version="1.0" encoding="UTF-8"?>
<testng-results ignored="0" total="2" passed="2" failed="0" skipped="0">
  <reporter-output>
  </reporter-output>
  <suite started-at="2021-12-11T16:41:58 IST" name="Suite" finished-at="2021-12-11T16:42:20 IST" duration-ms="22191">
    <groups>
    </groups>
    <test started-at="2021-12-11T16:41:58 IST" name="ChromeBrowser" finished-at="2021-12-11T16:42:05 IST" duration-ms="7716">
      <class name="com.apptad.test.CrossBrowserTesting">
        <test-method is-config="true" signature="beforeTest(java.lang.String)[pri:0, instance:com.apptad.test.CrossBrowserTesting@446293d]" started-at="2021-12-11T16:41:58 IST" name="beforeTest" finished-at="2021-12-11T16:42:03 IST" duration-ms="5076" status="PASS">
          <params>
            <param index="0">
              <value>
                <![CDATA[chrome]]>
              </value>
            </param>
          </params>
          <reporter-output>
          </reporter-output>
        </test-method> <!-- beforeTest -->
        <test-method signature="f()[pri:0, instance:com.apptad.test.CrossBrowserTesting@446293d]" started-at="2021-12-11T16:42:03 IST" name="f" finished-at="2021-12-11T16:42:05 IST" duration-ms="2557" status="PASS">
          <reporter-output>
          </reporter-output>
        </test-method> <!-- f -->
        <test-method is-config="true" signature="afterTest()[pri:0, instance:com.apptad.test.CrossBrowserTesting@446293d]" started-at="2021-12-11T16:42:05 IST" name="afterTest" finished-at="2021-12-11T16:42:05 IST" duration-ms="0" status="PASS">
          <reporter-output>
          </reporter-output>
        </test-method> <!-- afterTest -->
      </class> <!-- com.apptad.test.CrossBrowserTesting -->
    </test> <!-- ChromeBrowser -->
    <test started-at="2021-12-11T16:41:58 IST" name="FireFoxBrowser" finished-at="2021-12-11T16:42:20 IST" duration-ms="22191">
      <class name="com.apptad.test.CrossBrowserTesting">
        <test-method is-config="true" signature="beforeTest(java.lang.String)[pri:0, instance:com.apptad.test.CrossBrowserTesting@2b91004a]" started-at="2021-12-11T16:41:58 IST" name="beforeTest" finished-at="2021-12-11T16:42:10 IST" duration-ms="12732" status="PASS">
          <params>
            <param index="0">
              <value>
                <![CDATA[firefox]]>
              </value>
            </param>
          </params>
          <reporter-output>
          </reporter-output>
        </test-method> <!-- beforeTest -->
        <test-method signature="f()[pri:0, instance:com.apptad.test.CrossBrowserTesting@2b91004a]" started-at="2021-12-11T16:42:10 IST" name="f" finished-at="2021-12-11T16:42:20 IST" duration-ms="9448" status="PASS">
          <reporter-output>
          </reporter-output>
        </test-method> <!-- f -->
        <test-method is-config="true" signature="afterTest()[pri:0, instance:com.apptad.test.CrossBrowserTesting@2b91004a]" started-at="2021-12-11T16:42:20 IST" name="afterTest" finished-at="2021-12-11T16:42:20 IST" duration-ms="1" status="PASS">
          <reporter-output>
          </reporter-output>
        </test-method> <!-- afterTest -->
      </class> <!-- com.apptad.test.CrossBrowserTesting -->
    </test> <!-- FireFoxBrowser -->
  </suite> <!-- Suite -->
</testng-results>
