<?xml version="1.0" encoding="UTF-8"?>
<testng-results ignored="0" total="3" passed="3" failed="0" skipped="0">
  <reporter-output>
  </reporter-output>
  <suite started-at="2021-12-06T13:50:10 IST" name="Default suite" finished-at="2021-12-06T13:50:18 IST" duration-ms="8024">
    <groups>
    </groups>
    <test started-at="2021-12-06T13:50:10 IST" name="Default test" finished-at="2021-12-06T13:50:18 IST" duration-ms="8024">
      <class name="com.test.MyProjectTest">
        <test-method is-config="true" signature="setDriver()[pri:0, instance:com.test.MyProjectTest@3059cbc]" started-at="2021-12-06T13:50:10 IST" name="setDriver" description="setup Web Driver" finished-at="2021-12-06T13:50:14 IST" duration-ms="4425" status="PASS">
          <reporter-output>
          </reporter-output>
        </test-method> <!-- setDriver -->
        <test-method signature="lounchBrowser()[pri:1, instance:com.test.MyProjectTest@3059cbc]" started-at="2021-12-06T13:50:14 IST" name="lounchBrowser" description="This method first lounching the browse" finished-at="2021-12-06T13:50:16 IST" duration-ms="1851" status="PASS">
          <reporter-output>
          </reporter-output>
        </test-method> <!-- lounchBrowser -->
        <test-method signature="openAdminPart()[pri:2, instance:com.test.MyProjectTest@3059cbc]" started-at="2021-12-06T13:50:16 IST" name="openAdminPart" finished-at="2021-12-06T13:50:17 IST" depends-on-methods="com.test.MyProjectTest.lounchBrowser" duration-ms="314" status="PASS">
          <reporter-output>
          </reporter-output>
        </test-method> <!-- openAdminPart -->
        <test-method signature="loginAdmin()[pri:3, instance:com.test.MyProjectTest@3059cbc]" started-at="2021-12-06T13:50:17 IST" name="loginAdmin" finished-at="2021-12-06T13:50:18 IST" duration-ms="1371" status="PASS">
          <reporter-output>
          </reporter-output>
        </test-method> <!-- loginAdmin -->
      </class> <!-- com.test.MyProjectTest -->
    </test> <!-- Default test -->
  </suite> <!-- Default suite -->
</testng-results>
