<?xml version="1.0" encoding="UTF-8"?>
<!-- Generated by org.testng.reporters.JUnitXMLReporter -->
<testsuite ignored="0" hostname="DESKTOP-1M4NATU" failures="0" tests="3" name="Default test" time="8.024" errors="0" timestamp="2021-12-06T13:50:18 IST">
  <testcase classname="com.test.MyProjectTest" name="lounchBrowser" time="1.851"/>
  <testcase classname="com.test.MyProjectTest" name="openAdminPart" time="0.314"/>
  <testcase classname="com.test.MyProjectTest" name="loginAdmin" time="1.371"/>
</testsuite> <!-- Default test -->
