<?xml version="1.0" encoding="UTF-8"?>
<testng-results ignored="0" total="3" passed="3" failed="0" skipped="0">
  <reporter-output>
  </reporter-output>
  <suite started-at="2021-12-08T01:17:36 IST" name="Default suite" finished-at="2021-12-08T01:18:40 IST" duration-ms="64018">
    <groups>
    </groups>
    <test started-at="2021-12-08T01:17:36 IST" name="Default test" finished-at="2021-12-08T01:18:40 IST" duration-ms="64018">
      <class name="apptad.test.AmazonTest">
        <test-method is-config="true" signature="setUp()[pri:0, instance:apptad.test.AmazonTest@6babf3bf]" started-at="2021-12-08T01:17:36 IST" name="setUp" finished-at="2021-12-08T01:17:45 IST" duration-ms="8707" status="PASS">
          <reporter-output>
          </reporter-output>
        </test-method> <!-- setUp -->
        <test-method signature="AM_01()[pri:1, instance:apptad.test.AmazonTest@6babf3bf]" started-at="2021-12-08T01:17:45 IST" name="AM_01" finished-at="2021-12-08T01:17:57 IST" duration-ms="12328" status="PASS">
          <reporter-output>
          </reporter-output>
        </test-method> <!-- AM_01 -->
        <test-method is-config="true" signature="closeDriver()[pri:0, instance:apptad.test.AmazonTest@6babf3bf]" started-at="2021-12-08T01:17:57 IST" name="closeDriver" finished-at="2021-12-08T01:18:01 IST" duration-ms="4244" status="PASS">
          <reporter-output>
          </reporter-output>
        </test-method> <!-- closeDriver -->
        <test-method is-config="true" signature="setUp()[pri:0, instance:apptad.test.AmazonTest@6babf3bf]" started-at="2021-12-08T01:18:01 IST" name="setUp" finished-at="2021-12-08T01:18:11 IST" duration-ms="9913" status="PASS">
          <reporter-output>
          </reporter-output>
        </test-method> <!-- setUp -->
        <test-method signature="AM_02()[pri:2, instance:apptad.test.AmazonTest@6babf3bf]" started-at="2021-12-08T01:18:11 IST" name="AM_02" finished-at="2021-12-08T01:18:15 IST" duration-ms="3820" status="PASS">
          <reporter-output>
          </reporter-output>
        </test-method> <!-- AM_02 -->
        <test-method is-config="true" signature="closeDriver()[pri:0, instance:apptad.test.AmazonTest@6babf3bf]" started-at="2021-12-08T01:18:15 IST" name="closeDriver" finished-at="2021-12-08T01:18:18 IST" duration-ms="3347" status="PASS">
          <reporter-output>
          </reporter-output>
        </test-method> <!-- closeDriver -->
        <test-method is-config="true" signature="setUp()[pri:0, instance:apptad.test.AmazonTest@6babf3bf]" started-at="2021-12-08T01:18:18 IST" name="setUp" finished-at="2021-12-08T01:18:30 IST" duration-ms="11456" status="PASS">
          <reporter-output>
          </reporter-output>
        </test-method> <!-- setUp -->
        <test-method signature="AM_03()[pri:3, instance:apptad.test.AmazonTest@6babf3bf]" started-at="2021-12-08T01:18:30 IST" name="AM_03" finished-at="2021-12-08T01:18:37 IST" duration-ms="6818" status="PASS">
          <reporter-output>
          </reporter-output>
        </test-method> <!-- AM_03 -->
        <test-method is-config="true" signature="closeDriver()[pri:0, instance:apptad.test.AmazonTest@6babf3bf]" started-at="2021-12-08T01:18:37 IST" name="closeDriver" finished-at="2021-12-08T01:18:40 IST" duration-ms="3320" status="PASS">
          <reporter-output>
          </reporter-output>
        </test-method> <!-- closeDriver -->
      </class> <!-- apptad.test.AmazonTest -->
    </test> <!-- Default test -->
  </suite> <!-- Default suite -->
</testng-results>
