<?xml version="1.0" encoding="UTF-8"?>
<testng-results ignored="0" total="2" passed="2" failed="0" skipped="0">
  <reporter-output>
  </reporter-output>
  <suite started-at="2021-12-05T11:40:26 IST" name="Default suite" finished-at="2021-12-05T11:40:37 IST" duration-ms="11707">
    <groups>
    </groups>
    <test started-at="2021-12-05T11:40:26 IST" name="Default test" finished-at="2021-12-05T11:40:37 IST" duration-ms="11707">
      <class name="com.apptad.test.LoginTestingAndValidateTitle">
        <test-method is-config="true" signature="setDriver()[pri:0, instance:com.apptad.test.LoginTestingAndValidateTitle@37654521]" started-at="2021-12-05T11:40:26 IST" name="setDriver" description="setup Web Driver" finished-at="2021-12-05T11:40:28 IST" duration-ms="2481" status="PASS">
          <reporter-output>
          </reporter-output>
        </test-method> <!-- setDriver -->
        <test-method signature="lounchBrowser()[pri:0, instance:com.apptad.test.LoginTestingAndValidateTitle@37654521]" started-at="2021-12-05T11:40:28 IST" name="lounchBrowser" description="This method first lounching the browse" finished-at="2021-12-05T11:40:32 IST" duration-ms="3822" status="PASS">
          <reporter-output>
          </reporter-output>
        </test-method> <!-- lounchBrowser -->
        <test-method signature="validateTitle()[pri:0, instance:com.apptad.test.LoginTestingAndValidateTitle@37654521]" started-at="2021-12-05T11:40:32 IST" name="validateTitle" description="This method is used to do login and validate title" finished-at="2021-12-05T11:40:34 IST" depends-on-methods="com.apptad.test.LoginTestingAndValidateTitle.lounchBrowser" duration-ms="2086" status="PASS">
          <reporter-output>
          </reporter-output>
        </test-method> <!-- validateTitle -->
        <test-method is-config="true" signature="closeBrowser()[pri:0, instance:com.apptad.test.LoginTestingAndValidateTitle@37654521]" started-at="2021-12-05T11:40:34 IST" name="closeBrowser" description="closing the browser" finished-at="2021-12-05T11:40:37 IST" duration-ms="3234" status="PASS">
          <reporter-output>
          </reporter-output>
        </test-method> <!-- closeBrowser -->
      </class> <!-- com.apptad.test.LoginTestingAndValidateTitle -->
    </test> <!-- Default test -->
  </suite> <!-- Default suite -->
</testng-results>
