<?xml version="1.0" encoding="UTF-8"?>
<!-- Generated by org.testng.reporters.JUnitXMLReporter -->
<testsuite ignored="0" hostname="DESKTOP-1M4NATU" failures="0" tests="2" name="Default test" time="11.707" errors="0" timestamp="2021-12-05T11:40:37 IST">
  <testcase classname="com.apptad.test.LoginTestingAndValidateTitle" name="lounchBrowser" time="3.822"/>
  <testcase classname="com.apptad.test.LoginTestingAndValidateTitle" name="validateTitle" time="2.086"/>
</testsuite> <!-- Default test -->
