<?xml version="1.0" encoding="UTF-8"?>
<testng-results ignored="0" total="1" passed="1" failed="0" skipped="0">
  <reporter-output>
  </reporter-output>
  <suite started-at="2021-12-07T16:51:50 IST" name="Suite" finished-at="2021-12-07T16:52:04 IST" duration-ms="13418">
    <groups>
    </groups>
    <test started-at="2021-12-07T16:51:50 IST" name="Test" finished-at="2021-12-07T16:52:04 IST" duration-ms="13418">
      <class name="com.apptad.test.AmazonTest">
        <test-method is-config="true" signature="beforeClass()[pri:0, instance:com.apptad.test.AmazonTest@35aea049]" started-at="2021-12-07T16:51:50 IST" name="beforeClass" finished-at="2021-12-07T16:51:53 IST" duration-ms="2561" status="PASS">
          <reporter-output>
          </reporter-output>
        </test-method> <!-- beforeClass -->
        <test-method signature="f()[pri:0, instance:com.apptad.test.AmazonTest@35aea049]" started-at="2021-12-07T16:51:53 IST" name="f" finished-at="2021-12-07T16:52:00 IST" duration-ms="7453" status="PASS">
          <reporter-output>
          </reporter-output>
        </test-method> <!-- f -->
        <test-method is-config="true" signature="afterClass()[pri:0, instance:com.apptad.test.AmazonTest@35aea049]" started-at="2021-12-07T16:52:00 IST" name="afterClass" finished-at="2021-12-07T16:52:04 IST" duration-ms="3348" status="PASS">
          <reporter-output>
          </reporter-output>
        </test-method> <!-- afterClass -->
      </class> <!-- com.apptad.test.AmazonTest -->
    </test> <!-- Test -->
  </suite> <!-- Suite -->
</testng-results>
