<?xml version="1.0" encoding="UTF-8"?>
<!-- Generated by org.testng.reporters.JUnitXMLReporter -->
<testsuite ignored="0" hostname="DESKTOP-1M4NATU" failures="0" tests="4" name="Test" time="94.539" errors="0" timestamp="2021-12-13T01:08:56 IST">
  <testcase classname="com.apptad.test.SignInUserTest" name="newUserEmail_Test_02" time="5.345"/>
  <testcase classname="com.apptad.test.SignInUserTest" name="signinUser_Test_01" time="14.591"/>
  <testcase classname="com.apptad.test.SignInUserTest" name="validateFormat_Test_04" time="10.648"/>
  <testcase classname="com.apptad.test.SignInUserTest" name="validateManFields_Test_03" time="11.419"/>
</testsuite> <!-- Test -->
