<?xml version="1.0" encoding="UTF-8"?>
<testng-results ignored="0" total="2" passed="2" failed="0" skipped="0">
  <reporter-output>
  </reporter-output>
  <suite started-at="2021-12-05T11:09:23 IST" name="Default suite" finished-at="2021-12-05T11:09:23 IST" duration-ms="76">
    <groups>
    </groups>
    <test started-at="2021-12-05T11:09:23 IST" name="Default test" finished-at="2021-12-05T11:09:23 IST" duration-ms="76">
      <class name="apptad.test.BeforeAndAfterMethodTesting">
        <test-method is-config="true" signature="beforeMethodTest()[pri:0, instance:apptad.test.BeforeAndAfterMethodTesting@2cd2a21f]" started-at="2021-12-05T11:09:23 IST" name="beforeMethodTest" finished-at="2021-12-05T11:09:23 IST" duration-ms="5" status="PASS">
          <reporter-output>
          </reporter-output>
        </test-method> <!-- beforeMethodTest -->
        <test-method signature="testCase2()[pri:-1, instance:apptad.test.BeforeAndAfterMethodTesting@2cd2a21f]" started-at="2021-12-05T11:09:23 IST" name="testCase2" finished-at="2021-12-05T11:09:23 IST" duration-ms="11" status="PASS">
          <reporter-output>
          </reporter-output>
        </test-method> <!-- testCase2 -->
        <test-method is-config="true" signature="afterMethodTest()[pri:0, instance:apptad.test.BeforeAndAfterMethodTesting@2cd2a21f]" started-at="2021-12-05T11:09:23 IST" name="afterMethodTest" finished-at="2021-12-05T11:09:23 IST" duration-ms="1" status="PASS">
          <reporter-output>
          </reporter-output>
        </test-method> <!-- afterMethodTest -->
        <test-method signature="testCase1()[pri:0, instance:apptad.test.BeforeAndAfterMethodTesting@2cd2a21f]" started-at="2021-12-05T11:09:23 IST" name="testCase1" description="this is test case 1" finished-at="2021-12-05T11:09:23 IST" duration-ms="3" status="PASS">
          <reporter-output>
          </reporter-output>
        </test-method> <!-- testCase1 -->
        <test-method is-config="true" signature="beforeMethodTest()[pri:0, instance:apptad.test.BeforeAndAfterMethodTesting@2cd2a21f]" started-at="2021-12-05T11:09:23 IST" name="beforeMethodTest" finished-at="2021-12-05T11:09:23 IST" duration-ms="0" status="PASS">
          <reporter-output>
          </reporter-output>
        </test-method> <!-- beforeMethodTest -->
        <test-method is-config="true" signature="afterMethodTest()[pri:0, instance:apptad.test.BeforeAndAfterMethodTesting@2cd2a21f]" started-at="2021-12-05T11:09:23 IST" name="afterMethodTest" finished-at="2021-12-05T11:09:23 IST" duration-ms="0" status="PASS">
          <reporter-output>
          </reporter-output>
        </test-method> <!-- afterMethodTest -->
      </class> <!-- apptad.test.BeforeAndAfterMethodTesting -->
    </test> <!-- Default test -->
  </suite> <!-- Default suite -->
</testng-results>
