<?xml version="1.0" encoding="UTF-8"?>
<!-- Generated by org.testng.reporters.JUnitXMLReporter -->
<testsuite ignored="0" hostname="DESKTOP-1M4NATU" failures="0" tests="3" name="Default test" time="57.305" errors="0" timestamp="2021-12-08T00:35:44 IST">
  <testcase classname="com.test.AmazonTest" name="AM_01" time="12.7"/>
  <testcase classname="com.test.AmazonTest" name="AM_02" time="3.601"/>
  <testcase classname="com.test.AmazonTest" name="AM_03" time="5.703"/>
</testsuite> <!-- Default test -->
